<?xml version="1.0"?>
<testsuites>
  <testsuite name="PhantomJS 1.9.8 (Mac OS X)" package="" timestamp="2015-05-18T23:53:18" id="0" hostname="MacBook-Pro.att.net" tests="15" errors="0" failures="1" time="0.071">
    <properties>
      <property name="browser.fullName" value="Mozilla/5.0 (Macintosh; Intel Mac OS X) AppleWebKit/534.34 (KHTML, like Gecko) PhantomJS/1.9.8 Safari/534.34"/>
    </properties>
    <testcase name="dependencies" time="0.015" classname="PhantomJS 1.9.8 (Mac OS X).AgentController"/>
    <testcase name="can get an instance of my factory" time="0.001" classname="PhantomJS 1.9.8 (Mac OS X).AgentFactory"/>
    <testcase name="can get an instance of my factory" time="0.001" classname="PhantomJS 1.9.8 (Mac OS X).AuthFactory"/>
    <testcase name="dependencies" time="0.015" classname="PhantomJS 1.9.8 (Mac OS X).LoginController"/>
    <testcase name="dependencies" time="0.004" classname="PhantomJS 1.9.8 (Mac OS X).LogoutController"/>
    <testcase name="dependencies" time="0.011" classname="PhantomJS 1.9.8 (Mac OS X).SignUpController"/>
    <testcase name="dependencies" time="0.004" classname="PhantomJS 1.9.8 (Mac OS X).ChecklistController"/>
    <testcase name="can get an instance of my factory" time="0.003" classname="PhantomJS 1.9.8 (Mac OS X).ChecklistFactory"/>
    <testcase name="dependencies" time="0.002" classname="PhantomJS 1.9.8 (Mac OS X).ProposalController"/>
    <testcase name="can get an instance of my factory" time="0.002" classname="PhantomJS 1.9.8 (Mac OS X).ProposalFactory">
      <failure type="">TypeError: &apos;undefined&apos; is not a function (evaluating &apos;expect(ProposalFactory).toNotBeDefined()&apos;)
    at /Users/loringdodge/upnest-mobile/mobile/tests/proposal/ProposalFactory.test.js:13
</failure>
    </testcase>
    <testcase name="dependencies" time="0.003" classname="PhantomJS 1.9.8 (Mac OS X).ProposalsController"/>
    <testcase name="dependencies" time="0.002" classname="PhantomJS 1.9.8 (Mac OS X).BellController"/>
    <testcase name="dependencies" time="0.001" classname="PhantomJS 1.9.8 (Mac OS X).RequestController"/>
    <testcase name="can get an instance of my factory" time="0.002" classname="PhantomJS 1.9.8 (Mac OS X).RequestFactory"/>
    <testcase name="dependencies" time="0.005" classname="PhantomJS 1.9.8 (Mac OS X).SplashController"/>
    <system-out><![CDATA[PhantomJS 1.9.8 (Mac OS X) LOG: 'WARNING: Tried to load angular more than once.'
,PhantomJS 1.9.8 (Mac OS X) LOG: 'AgentFactory started'
,PhantomJS 1.9.8 (Mac OS X) LOG: 'AgentController started'
,PhantomJS 1.9.8 (Mac OS X) LOG: 'AgentFactory started'

]]></system-out>
    <system-err/>
  </testsuite>
</testsuites>
